<testsuites><testsuite><testcase name="bin/tests/system/rpzrecurse" file="bin/tests/system/rpzrecurse"><system-out>[[ATTACHMENT|bin/tests/system/rpzrecurse.log]]</system-out></testcase><testcase name="bin/tests/system/serve-stale" file="bin/tests/system/serve-stale"><system-out>[[ATTACHMENT|bin/tests/system/serve-stale.log]]</system-out></testcase><testcase name="bin/tests/system/acl" file="bin/tests/system/acl"><system-out>[[ATTACHMENT|bin/tests/system/acl.log]]</system-out></testcase><testcase name="bin/tests/system/doth" file="bin/tests/system/doth"><system-out>[[ATTACHMENT|bin/tests/system/doth.log]]</system-out></testcase><testcase name="bin/tests/system/additional" file="bin/tests/system/additional"><system-out>[[ATTACHMENT|bin/tests/system/additional.log]]</system-out></testcase><testcase name="bin/tests/system/addzone" file="bin/tests/system/addzone"><system-out>[[ATTACHMENT|bin/tests/system/addzone.log]]</system-out></testcase><testcase name="bin/tests/system/allow-query" file="bin/tests/system/allow-query"><system-out>[[ATTACHMENT|bin/tests/system/allow-query.log]]</system-out></testcase><testcase name="bin/tests/system/auth" file="bin/tests/system/auth"><system-out>[[ATTACHMENT|bin/tests/system/auth.log]]</system-out></testcase><testcase name="bin/tests/system/autosign" file="bin/tests/system/autosign"><system-out>[[ATTACHMENT|bin/tests/system/autosign.log]]</system-out></testcase><testcase name="bin/tests/system/builtin" file="bin/tests/system/builtin"><system-out>[[ATTACHMENT|bin/tests/system/builtin.log]]</system-out></testcase><testcase name="bin/tests/system/cacheclean" file="bin/tests/system/cacheclean"><system-out>[[ATTACHMENT|bin/tests/system/cacheclean.log]]</system-out></testcase><testcase name="bin/tests/system/case" file="bin/tests/system/case"><system-out>[[ATTACHMENT|bin/tests/system/case.log]]</system-out></testcase><testcase name="bin/tests/system/catz" file="bin/tests/system/catz"><system-out>[[ATTACHMENT|bin/tests/system/catz.log]]</system-out></testcase><testcase name="bin/tests/system/cds" file="bin/tests/system/cds"><system-out>[[ATTACHMENT|bin/tests/system/cds.log]]</system-out></testcase><testcase name="bin/tests/system/checkconf" file="bin/tests/system/checkconf"><system-out>[[ATTACHMENT|bin/tests/system/checkconf.log]]</system-out></testcase><testcase name="bin/tests/system/checknames" file="bin/tests/system/checknames"><system-out>[[ATTACHMENT|bin/tests/system/checknames.log]]</system-out></testcase><testcase name="bin/tests/system/checkzone" file="bin/tests/system/checkzone"><system-out>[[ATTACHMENT|bin/tests/system/checkzone.log]]</system-out></testcase><testcase name="bin/tests/system/database" file="bin/tests/system/database"><system-out>[[ATTACHMENT|bin/tests/system/database.log]]</system-out></testcase><testcase name="bin/tests/system/dlzexternal" file="bin/tests/system/dlzexternal"><system-out>[[ATTACHMENT|bin/tests/system/dlzexternal.log]]</system-out></testcase><testcase name="bin/tests/system/dns64" file="bin/tests/system/dns64"><system-out>[[ATTACHMENT|bin/tests/system/dns64.log]]</system-out></testcase><testcase name="bin/tests/system/dscp" file="bin/tests/system/dscp"><system-out>[[ATTACHMENT|bin/tests/system/dscp.log]]</system-out></testcase><testcase name="bin/tests/system/dsdigest" file="bin/tests/system/dsdigest"><system-out>[[ATTACHMENT|bin/tests/system/dsdigest.log]]</system-out></testcase><testcase name="bin/tests/system/dyndb" file="bin/tests/system/dyndb"><system-out>[[ATTACHMENT|bin/tests/system/dyndb.log]]</system-out></testcase><testcase name="bin/tests/system/ecdsa" file="bin/tests/system/ecdsa"><system-out>[[ATTACHMENT|bin/tests/system/ecdsa.log]]</system-out></testcase><testcase name="bin/tests/system/eddsa" file="bin/tests/system/eddsa"><system-out>[[ATTACHMENT|bin/tests/system/eddsa.log]]</system-out></testcase><testcase name="bin/tests/system/ednscompliance" file="bin/tests/system/ednscompliance"><system-out>[[ATTACHMENT|bin/tests/system/ednscompliance.log]]</system-out></testcase><testcase name="bin/tests/system/emptyzones" file="bin/tests/system/emptyzones"><system-out>[[ATTACHMENT|bin/tests/system/emptyzones.log]]</system-out></testcase><testcase name="bin/tests/system/engine_pkcs11" file="bin/tests/system/engine_pkcs11"><system-out>[[ATTACHMENT|bin/tests/system/engine_pkcs11.log]]</system-out><skipped>S:engine_pkcs11:2022-07-21T06:58:03+0000
T:engine_pkcs11:1:A
A:engine_pkcs11:System test engine_pkcs11
I:engine_pkcs11:PORTS:7275,7276,7277,7278,7279,7280,7281,7282,7283,7284,7285,7286,7287
I:engine_pkcs11:skip: softhsm2-util not available
I:engine_pkcs11:Prerequisites missing, skipping test.
R:engine_pkcs11:SKIPPED
E:engine_pkcs11:2022-07-21T06:58:04+0000
SKIP engine_pkcs11 (exit status: 77)</skipped></testcase><testcase name="bin/tests/system/filter-aaaa" file="bin/tests/system/filter-aaaa"><system-out>[[ATTACHMENT|bin/tests/system/filter-aaaa.log]]</system-out></testcase><testcase name="bin/tests/system/formerr" file="bin/tests/system/formerr"><system-out>[[ATTACHMENT|bin/tests/system/formerr.log]]</system-out></testcase><testcase name="bin/tests/system/geoip2" file="bin/tests/system/geoip2"><system-out>[[ATTACHMENT|bin/tests/system/geoip2.log]]</system-out></testcase><testcase name="bin/tests/system/glue" file="bin/tests/system/glue"><system-out>[[ATTACHMENT|bin/tests/system/glue.log]]</system-out></testcase><testcase name="bin/tests/system/idna" file="bin/tests/system/idna"><system-out>[[ATTACHMENT|bin/tests/system/idna.log]]</system-out></testcase><testcase name="bin/tests/system/include-multiplecfg" file="bin/tests/system/include-multiplecfg"><system-out>[[ATTACHMENT|bin/tests/system/include-multiplecfg.log]]</system-out></testcase><testcase name="bin/tests/system/inline" file="bin/tests/system/inline"><system-out>[[ATTACHMENT|bin/tests/system/inline.log]]</system-out></testcase><testcase name="bin/tests/system/integrity" file="bin/tests/system/integrity"><system-out>[[ATTACHMENT|bin/tests/system/integrity.log]]</system-out></testcase><testcase name="bin/tests/system/hooks" file="bin/tests/system/hooks"><system-out>[[ATTACHMENT|bin/tests/system/hooks.log]]</system-out></testcase><testcase name="bin/tests/system/journal" file="bin/tests/system/journal"><system-out>[[ATTACHMENT|bin/tests/system/journal.log]]</system-out></testcase><testcase name="bin/tests/system/keepalive" file="bin/tests/system/keepalive"><system-out>[[ATTACHMENT|bin/tests/system/keepalive.log]]</system-out></testcase><testcase name="bin/tests/system/keyfromlabel" file="bin/tests/system/keyfromlabel"><system-out>[[ATTACHMENT|bin/tests/system/keyfromlabel.log]]</system-out><skipped>S:keyfromlabel:2022-07-21T06:58:18+0000
T:keyfromlabel:1:A
A:keyfromlabel:System test keyfromlabel
I:keyfromlabel:PORTS:7595,7596,7597,7598,7599,7600,7601,7602,7603,7604,7605,7606,7607
I:keyfromlabel:skip: softhsm2-util not available
I:keyfromlabel:Prerequisites missing, skipping test.
R:keyfromlabel:SKIPPED
E:keyfromlabel:2022-07-21T06:58:18+0000
SKIP keyfromlabel (exit status: 77)</skipped></testcase><testcase name="bin/tests/system/legacy" file="bin/tests/system/legacy"><system-out>[[ATTACHMENT|bin/tests/system/legacy.log]]</system-out></testcase><testcase name="bin/tests/system/limits" file="bin/tests/system/limits"><system-out>[[ATTACHMENT|bin/tests/system/limits.log]]</system-out></testcase><testcase name="bin/tests/system/masterfile" file="bin/tests/system/masterfile"><system-out>[[ATTACHMENT|bin/tests/system/masterfile.log]]</system-out></testcase><testcase name="bin/tests/system/logfileconfig" file="bin/tests/system/logfileconfig"><system-out>[[ATTACHMENT|bin/tests/system/logfileconfig.log]]</system-out></testcase><testcase name="bin/tests/system/masterformat" file="bin/tests/system/masterformat"><system-out>[[ATTACHMENT|bin/tests/system/masterformat.log]]</system-out></testcase><testcase name="bin/tests/system/metadata" file="bin/tests/system/metadata"><system-out>[[ATTACHMENT|bin/tests/system/metadata.log]]</system-out></testcase><testcase name="bin/tests/system/mirror" file="bin/tests/system/mirror"><system-out>[[ATTACHMENT|bin/tests/system/mirror.log]]</system-out></testcase><testcase name="bin/tests/system/mkeys" file="bin/tests/system/mkeys"><system-out>[[ATTACHMENT|bin/tests/system/mkeys.log]]</system-out></testcase><testcase name="bin/tests/system/rrl" file="bin/tests/system/rrl"><system-out>[[ATTACHMENT|bin/tests/system/rrl.log]]</system-out></testcase><testcase name="bin/tests/system/names" file="bin/tests/system/names"><system-out>[[ATTACHMENT|bin/tests/system/names.log]]</system-out></testcase><testcase name="bin/tests/system/notify" file="bin/tests/system/notify"><system-out>[[ATTACHMENT|bin/tests/system/notify.log]]</system-out></testcase><testcase name="bin/tests/system/nsec3" file="bin/tests/system/nsec3"><system-out>[[ATTACHMENT|bin/tests/system/nsec3.log]]</system-out></testcase><testcase name="bin/tests/system/nslookup" file="bin/tests/system/nslookup"><system-out>[[ATTACHMENT|bin/tests/system/nslookup.log]]</system-out></testcase><testcase name="bin/tests/system/padding" file="bin/tests/system/padding"><system-out>[[ATTACHMENT|bin/tests/system/padding.log]]</system-out></testcase><testcase name="bin/tests/system/pending" file="bin/tests/system/pending"><system-out>[[ATTACHMENT|bin/tests/system/pending.log]]</system-out></testcase><testcase name="bin/tests/system/redirect" file="bin/tests/system/redirect"><system-out>[[ATTACHMENT|bin/tests/system/redirect.log]]</system-out></testcase><testcase name="bin/tests/system/rndc" file="bin/tests/system/rndc"><system-out>[[ATTACHMENT|bin/tests/system/rndc.log]]</system-out></testcase><testcase name="bin/tests/system/rootkeysentinel" file="bin/tests/system/rootkeysentinel"><system-out>[[ATTACHMENT|bin/tests/system/rootkeysentinel.log]]</system-out></testcase><testcase name="bin/tests/system/rpz" file="bin/tests/system/rpz"><system-out>[[ATTACHMENT|bin/tests/system/rpz.log]]</system-out></testcase><testcase name="bin/tests/system/rrchecker" file="bin/tests/system/rrchecker"><system-out>[[ATTACHMENT|bin/tests/system/rrchecker.log]]</system-out></testcase><testcase name="bin/tests/system/rsabigexponent" file="bin/tests/system/rsabigexponent"><system-out>[[ATTACHMENT|bin/tests/system/rsabigexponent.log]]</system-out></testcase><testcase name="bin/tests/system/rrsetorder" file="bin/tests/system/rrsetorder"><system-out>[[ATTACHMENT|bin/tests/system/rrsetorder.log]]</system-out></testcase><testcase name="bin/tests/system/runtime" file="bin/tests/system/runtime"><system-out>[[ATTACHMENT|bin/tests/system/runtime.log]]</system-out></testcase><testcase name="bin/tests/system/sfcache" file="bin/tests/system/sfcache"><system-out>[[ATTACHMENT|bin/tests/system/sfcache.log]]</system-out></testcase><testcase name="bin/tests/system/smartsign" file="bin/tests/system/smartsign"><system-out>[[ATTACHMENT|bin/tests/system/smartsign.log]]</system-out></testcase><testcase name="bin/tests/system/sortlist" file="bin/tests/system/sortlist"><system-out>[[ATTACHMENT|bin/tests/system/sortlist.log]]</system-out></testcase><testcase name="bin/tests/system/spf" file="bin/tests/system/spf"><system-out>[[ATTACHMENT|bin/tests/system/spf.log]]</system-out></testcase><testcase name="bin/tests/system/staticstub" file="bin/tests/system/staticstub"><system-out>[[ATTACHMENT|bin/tests/system/staticstub.log]]</system-out></testcase><testcase name="bin/tests/system/stub" file="bin/tests/system/stub"><system-out>[[ATTACHMENT|bin/tests/system/stub.log]]</system-out></testcase><testcase name="bin/tests/system/synthfromdnssec" file="bin/tests/system/synthfromdnssec"><system-out>[[ATTACHMENT|bin/tests/system/synthfromdnssec.log]]</system-out></testcase><testcase name="bin/tests/system/tkey" file="bin/tests/system/tkey"><system-out>[[ATTACHMENT|bin/tests/system/tkey.log]]</system-out></testcase><testcase name="bin/tests/system/tools" file="bin/tests/system/tools"><system-out>[[ATTACHMENT|bin/tests/system/tools.log]]</system-out></testcase><testcase name="bin/tests/system/transport-acl" file="bin/tests/system/transport-acl"><system-out>[[ATTACHMENT|bin/tests/system/transport-acl.log]]</system-out></testcase><testcase name="bin/tests/system/tsig" file="bin/tests/system/tsig"><system-out>[[ATTACHMENT|bin/tests/system/tsig.log]]</system-out></testcase><testcase name="bin/tests/system/tsiggss" file="bin/tests/system/tsiggss"><system-out>[[ATTACHMENT|bin/tests/system/tsiggss.log]]</system-out></testcase><testcase name="bin/tests/system/ttl" file="bin/tests/system/ttl"><system-out>[[ATTACHMENT|bin/tests/system/ttl.log]]</system-out></testcase><testcase name="bin/tests/system/unknown" file="bin/tests/system/unknown"><system-out>[[ATTACHMENT|bin/tests/system/unknown.log]]</system-out></testcase><testcase name="bin/tests/system/verify" file="bin/tests/system/verify"><system-out>[[ATTACHMENT|bin/tests/system/verify.log]]</system-out></testcase><testcase name="bin/tests/system/views" file="bin/tests/system/views"><system-out>[[ATTACHMENT|bin/tests/system/views.log]]</system-out></testcase><testcase name="bin/tests/system/wildcard" file="bin/tests/system/wildcard"><system-out>[[ATTACHMENT|bin/tests/system/wildcard.log]]</system-out></testcase><testcase name="bin/tests/system/xferquota" file="bin/tests/system/xferquota"><system-out>[[ATTACHMENT|bin/tests/system/xferquota.log]]</system-out></testcase><testcase name="bin/tests/system/zonechecks" file="bin/tests/system/zonechecks"><system-out>[[ATTACHMENT|bin/tests/system/zonechecks.log]]</system-out></testcase><testcase name="bin/tests/system/nzd2nzf" file="bin/tests/system/nzd2nzf"><system-out>[[ATTACHMENT|bin/tests/system/nzd2nzf.log]]</system-out></testcase><testcase name="bin/tests/system/fetchlimit" file="bin/tests/system/fetchlimit"><system-out>[[ATTACHMENT|bin/tests/system/fetchlimit.log]]</system-out></testcase><testcase name="bin/tests/system/ixfr" file="bin/tests/system/ixfr"><system-out>[[ATTACHMENT|bin/tests/system/ixfr.log]]</system-out></testcase><testcase name="bin/tests/system/nsupdate" file="bin/tests/system/nsupdate"><system-out>[[ATTACHMENT|bin/tests/system/nsupdate.log]]</system-out></testcase><testcase name="bin/tests/system/resolver" file="bin/tests/system/resolver"><system-out>[[ATTACHMENT|bin/tests/system/resolver.log]]</system-out></testcase><testcase name="bin/tests/system/keymgr2kasp" file="bin/tests/system/keymgr2kasp"><system-out>[[ATTACHMENT|bin/tests/system/keymgr2kasp.log]]</system-out></testcase><testcase name="bin/tests/system/statistics" file="bin/tests/system/statistics"><system-out>[[ATTACHMENT|bin/tests/system/statistics.log]]</system-out></testcase><testcase name="bin/tests/system/upforwd" file="bin/tests/system/upforwd"><system-out>[[ATTACHMENT|bin/tests/system/upforwd.log]]</system-out></testcase><testcase name="bin/tests/system/zero" file="bin/tests/system/zero"><system-out>[[ATTACHMENT|bin/tests/system/zero.log]]</system-out><failure>S:zero:2022-07-21T07:02:43+0000
T:zero:1:A
A:zero:System test zero
I:zero:PORTS:8796,8797,8798,8799,8800,8801,8802,8803,8804,8805,8806,8807,8808
I:zero:starting servers
I:zero:check lookups against TTL=0 records (1)
I:zero:successfully completed pass 1 of 10
I:zero:successfully completed pass 2 of 10
I:zero:failed
I:zero:check repeated recursive lookups of non recurring TTL=0 responses get new values (2)
I:zero:check lookups against TTL=1 records (3)
I:zero:successfully completed pass 1 of 10
I:zero:successfully completed pass 2 of 10
I:zero:successfully completed pass 3 of 10
I:zero:successfully completed pass 4 of 10
I:zero:successfully completed pass 5 of 10
I:zero:successfully completed pass 6 of 10
I:zero:successfully completed pass 7 of 10
I:zero:successfully completed pass 8 of 10
I:zero:successfully completed pass 9 of 10
I:zero:successfully completed pass 10 of 10
I:zero:exit status: 1
I:zero:stopping servers
R:zero:FAIL
E:zero:2022-07-21T07:03:01+0000
FAIL zero (exit status: 1)</failure></testcase><testcase name="bin/tests/system/dnstap" file="bin/tests/system/dnstap"><system-out>[[ATTACHMENT|bin/tests/system/dnstap.log]]</system-out></testcase><testcase name="bin/tests/system/statschannel" file="bin/tests/system/statschannel"><system-out>[[ATTACHMENT|bin/tests/system/statschannel.log]]</system-out></testcase><testcase name="bin/tests/system/xfer" file="bin/tests/system/xfer"><system-out>[[ATTACHMENT|bin/tests/system/xfer.log]]</system-out></testcase><testcase name="bin/tests/system/reclimit" file="bin/tests/system/reclimit"><system-out>[[ATTACHMENT|bin/tests/system/reclimit.log]]</system-out></testcase><testcase name="bin/tests/system/kasp" file="bin/tests/system/kasp"><system-out>[[ATTACHMENT|bin/tests/system/kasp.log]]</system-out></testcase><testcase name="bin/tests/system/pipelined" file="bin/tests/system/pipelined"><system-out>[[ATTACHMENT|bin/tests/system/pipelined.log]]</system-out></testcase><testcase name="bin/tests/system/tcp" file="bin/tests/system/tcp"><system-out>[[ATTACHMENT|bin/tests/system/tcp.log]]</system-out></testcase><testcase name="bin/tests/system/checkds" file="bin/tests/system/checkds"><system-out>[[ATTACHMENT|bin/tests/system/checkds.log]]</system-out></testcase><testcase name="bin/tests/system/dispatch" file="bin/tests/system/dispatch"><system-out>[[ATTACHMENT|bin/tests/system/dispatch.log]]</system-out></testcase><testcase name="bin/tests/system/rpzextra" file="bin/tests/system/rpzextra"><system-out>[[ATTACHMENT|bin/tests/system/rpzextra.log]]</system-out></testcase><testcase name="bin/tests/system/shutdown" file="bin/tests/system/shutdown"><system-out>[[ATTACHMENT|bin/tests/system/shutdown.log]]</system-out></testcase><testcase name="bin/tests/system/timeouts" file="bin/tests/system/timeouts"><system-out>[[ATTACHMENT|bin/tests/system/timeouts.log]]</system-out></testcase><testcase name="bin/tests/system/qmin" file="bin/tests/system/qmin"><system-out>[[ATTACHMENT|bin/tests/system/qmin.log]]</system-out></testcase><testcase name="bin/tests/system/cookie" file="bin/tests/system/cookie"><system-out>[[ATTACHMENT|bin/tests/system/cookie.log]]</system-out></testcase><testcase name="bin/tests/system/digdelv" file="bin/tests/system/digdelv"><system-out>[[ATTACHMENT|bin/tests/system/digdelv.log]]</system-out></testcase><testcase name="bin/tests/system/dnssec" file="bin/tests/system/dnssec"><system-out>[[ATTACHMENT|bin/tests/system/dnssec.log]]</system-out></testcase><testcase name="bin/tests/system/forward" file="bin/tests/system/forward"><system-out>[[ATTACHMENT|bin/tests/system/forward.log]]</system-out></testcase><testcase name="bin/tests/system/chain" file="bin/tests/system/chain"><system-out>[[ATTACHMENT|bin/tests/system/chain.log]]</system-out></testcase></testsuite></testsuites>